Thu Jun 4 14:36:06 PDT 2020

sending: /mnt/c/Users/aidan/ubuntu/proj315/
      ./proj315
      ----------------------------------proj315: 2020-06-04 10:19:55.606788200 -0700----------------------------------
            ->           quiz3-data-hazards.txt: 2020-05-07 09:05:18.717068900 -0700
            ./TST
            --------------------------------------TST: 2020-06-04 10:59:08.433698100 -0700--------------------------------------
                  ./dtheyer-great
                  ----------------------------dtheyer-great: 2020-06-02 18:52:48.311399000 -0700----------------------------
                        ./CPE315-master
                        ----------------------------CPE315-master: 2020-06-02 18:52:49.666480100 -0700----------------------------
                              ./finalproject
                              -----------------------------finalproject: 2020-06-03 11:00:00.449289800 -0700-----------------------------
                                    ->         CPE315 Final Project.pdf: 2020-06-02 18:52:48.339391100 -0700
                                    ->                          LICENSE: 2020-06-02 18:52:48.359384800 -0700
                                    ->                         Makefile: 2020-06-02 18:53:47.732607100 -0700
                                    ->                        README.md: 2020-06-02 18:52:48.391373500 -0700
                                    ->                     all_tests.sh: 2020-06-03 09:57:21.276901300 -0700
                                    ->                       decode.cpp: 2020-06-03 11:22:12.718847900 -0700
                                    ->                     diffShang.sh: 2020-06-02 18:52:48.435359600 -0700
                                    ->                      execute.cpp: 2020-06-03 10:10:35.085734500 -0700
                                    ->                         main.cpp: 2020-06-02 18:52:48.469349100 -0700
                                    ->                        parse.cpp: 2020-06-02 18:52:48.486343700 -0700
                                    ->                         thumbsim: 2020-06-03 10:10:03.556343700 -0700
                                    ->                     thumbsim.hpp: 2020-06-02 18:52:48.530330300 -0700
                                    ->              thumbsim_driver.cpp: 2020-06-02 18:52:48.547323700 -0700
                                    ./inputs
                                    -----------------------------------inputs: 2020-06-02 18:52:48.770277300 -0700-----------------------------------
                                          ->                            a.out: 2020-06-02 18:52:48.573315900 -0700
                                          ->                       bytetest.s: 2020-06-02 18:52:48.590310000 -0700
                                          ->                     bytetest.sim: 2020-06-02 18:52:48.609305400 -0700
                                          ->                            fib.s: 2020-06-02 18:52:48.633296500 -0700
                                          ->                          fib.sim: 2020-06-02 18:52:48.652291100 -0700
                                          ->                       shang.O0.s: 2020-06-02 18:52:48.669309800 -0700
                                          ->                     shang.O0.sim: 2020-06-02 18:52:48.688304300 -0700
                                          ->                       shang.O1.s: 2020-06-02 18:52:48.702300200 -0700
                                          ->                     shang.O1.sim: 2020-06-02 18:52:48.720295000 -0700
                                          ->                       shang.O2.s: 2020-06-02 18:52:48.734289400 -0700
                                          ->                     shang.O2.sim: 2020-06-02 18:52:48.752284400 -0700
                                          ->                          shang.c: 2020-06-02 18:52:48.767278400 -0700
                                          ./testing
                                          ----------------------------------testing: 2020-06-02 18:52:48.870137800 -0700----------------------------------
                                                ->                            a.out: 2020-06-02 18:52:48.786273200 -0700
                                                ->                    addr_test.sim: 2020-06-02 18:52:48.804267100 -0700
                                                ->                    branch_test.s: 2020-06-02 18:52:48.820635100 -0700
                                                ->                  branch_test.sim: 2020-06-02 18:52:48.836640800 -0700
                                                ->                            fib.s: 2020-06-02 18:52:48.851622900 -0700
                                                ->                        myfib.sim: 2020-06-02 18:52:48.868134300 -0700
                                                ->                   test_stm_ldm.s: 2020-06-02 18:52:48.884144500 -0700
                                    ./myout
                                    ------------------------------------myout: 2020-06-02 21:44:56.141381300 -0700------------------------------------
                                          ->                   bytetest.myout: 2020-06-03 10:10:03.600330400 -0700
                                          ->                      execute.cpp: 2020-06-02 21:44:56.142381100 -0700
                                          ->                        fib.myout: 2020-06-03 10:10:03.638317800 -0700
                                          ->                   shang.O0.myout: 2020-06-03 10:10:09.818321100 -0700
                                          ->                   shang.O1.myout: 2020-06-03 10:10:11.631454200 -0700
                                          ->                   shang.O2.myout: 2020-06-03 10:10:12.934532900 -0700
                                    ./outputs
                                    ----------------------------------outputs: 2020-06-02 19:07:12.119049600 -0700----------------------------------
                                          ->          bytetest.completeoutput: 2020-06-02 18:52:48.904138400 -0700
                                          ->               fib.completeoutput: 2020-06-02 18:52:48.925118500 -0700
                                          ->          shang.O0.completeoutput: 2020-06-02 18:52:49.127053800 -0700
                                          ->                 shang.O0.objdump: 2020-06-02 18:52:48.944112400 -0700
                                          ->          shang.O1.completeoutput: 2020-06-02 18:52:48.976102300 -0700
                                          ->                 shang.O1.objdump: 2020-06-02 18:52:48.995097200 -0700
                                          ->          shang.O2.completeoutput: 2020-06-02 18:52:49.024087000 -0700
                                          ->                 shang.O2.objdump: 2020-06-02 18:52:49.043080900 -0700
                                          ->        shangO0.memstatscache.out: 2020-06-02 18:52:49.148047600 -0700
                                    ./provided
                                    ---------------------------------provided: 2020-06-03 10:13:24.217903700 -0700---------------------------------
                                          ->                       decode.cpp: 2020-06-03 10:13:24.194911300 -0700
                                          ->                      execute.cpp: 2020-06-03 10:18:06.623059900 -0700
                                          ->                         thumbsim: 2020-06-03 10:13:24.218903400 -0700
                                    ./test
                                    -------------------------------------test: 2020-06-02 18:52:49.373975100 -0700-------------------------------------
                                          ->                            _temp: 2020-06-02 18:52:49.189034400 -0700
                                          ->                            a.out: 2020-06-02 18:52:49.210027800 -0700
                                          ->                      addr_test.s: 2020-06-02 18:52:49.253013700 -0700
                                          ->                    addr_test.sim: 2020-06-02 18:52:49.272009200 -0700
                                          ->                    branch_test.s: 2020-06-02 18:52:49.296000000 -0700
                                          ->                  branch_test.sim: 2020-06-02 18:52:49.309996100 -0700
                                          ->                     commands.txt: 2020-06-02 18:52:49.327990100 -0700
                                          ->                            fib.s: 2020-06-02 18:52:49.340985800 -0700
                                          ->                       gensimcode: 2020-06-02 18:52:49.353982500 -0700
                                          ->                     mybinaryname: 2020-06-02 18:52:49.370975800 -0700
                                          ->                        myfib.sim: 2020-06-02 18:52:49.383973700 -0700
                                    ./testout
                                    ----------------------------------testout: 2020-06-03 09:57:06.835288900 -0700----------------------------------
                                          ->                     bytetest.out: 2020-06-03 09:57:06.737471100 -0700
                                          ->                          fib.out: 2020-06-03 09:57:06.746467500 -0700
                                          ->                     shang.O0.out: 2020-06-03 09:57:06.805297800 -0700
                                          ->                     shang.O1.out: 2020-06-03 09:57:06.829291500 -0700
                                          ->                     shang.O2.out: 2020-06-03 09:57:06.844285500 -0700
                              ./lab1
                              -------------------------------------lab1: 2020-06-02 18:52:49.425960100 -0700-------------------------------------
                                    ->                       README.pdf: 2020-06-02 18:52:49.407965600 -0700
                                    ->                      hello_world: 2020-06-02 18:52:49.422961000 -0700
                                    ->                           piku.s: 2020-06-02 18:52:49.446261000 -0700
                              ./lab2
                              -------------------------------------lab2: 2020-06-02 18:52:49.496245600 -0700-------------------------------------
                                    ->                        README.md: 2020-06-02 18:52:49.473252900 -0700
                                    ->                         lab2.png: 2020-06-02 18:52:49.493246100 -0700
                                    ->                         towers.s: 2020-06-02 18:52:49.512238900 -0700
                              ./lab3
                              -------------------------------------lab3: 2020-06-02 18:52:49.644500500 -0700-------------------------------------
                                    ->                          LICENSE: 2020-06-02 18:52:49.526719400 -0700
                                    ->                         Makefile: 2020-06-02 18:52:49.541714100 -0700
                                    ->                        README.md: 2020-06-02 18:52:49.557709900 -0700
                                    ->                         intadd.s: 2020-06-02 18:52:49.573704900 -0700
                                    ->                          intcalc: 2020-06-02 18:52:49.588711900 -0700
                                    ->                         intmul.s: 2020-06-02 18:52:49.605692900 -0700
                                    ->                         intsub.s: 2020-06-02 18:52:49.623507200 -0700
                                    ->                           main.s: 2020-06-02 18:52:49.641488600 -0700
                                    ->                           test.s: 2020-06-02 18:52:49.663481900 -0700
                              ./lab4
                              -------------------------------------lab4: 2020-06-02 18:52:50.012370100 -0700-------------------------------------
                                    ->                          LICENSE: 2020-06-02 18:52:49.704469200 -0700
                                    ->                         Makefile: 2020-06-02 18:52:49.723462900 -0700
                                    ->                        README.md: 2020-06-02 18:52:49.743455700 -0700
                                    ->                             diff: 2020-06-02 18:52:49.759450900 -0700
                                    ->     lab4_lampe_heyer_writeup.pdf: 2020-06-02 18:52:49.793441100 -0700
                                    ->                  matadd-driver.o: 2020-06-02 18:52:49.813433900 -0700
                                    ->                         matadd.s: 2020-06-02 18:52:49.835427200 -0700
                                    ->               matadd_unrolled2.s: 2020-06-02 18:52:49.856419900 -0700
                                    ->               matadd_unrolled4.s: 2020-06-02 18:52:49.878413000 -0700
                                    ->               matadd_unrolled8.s: 2020-06-02 18:52:49.898407100 -0700
                                    ->                      output.gold: 2020-06-02 18:52:50.009371000 -0700
                                    ->                         testfile: 2020-06-02 18:52:50.115337900 -0700
                  ./planck
                  -----------------------------------planck: 2020-06-03 09:52:28.438037900 -0700-----------------------------------
                        ->                         thumbsim: 2020-06-03 09:52:28.460025300 -0700
            ./lab1-piku
            --------------------------------lab1-piku: 2020-04-15 14:53:37.872223800 -0700--------------------------------
                  ->                         Makefile: 2020-04-15 12:51:27.347103600 -0700
                  ->                        README.md: 2020-04-15 12:51:27.353102700 -0700
                  ->                           piku.s: 2020-04-15 12:51:27.360098100 -0700
            ./lab2-towers-of-hanoi
            ---------------------lab2-towers-of-hanoi: 2020-04-28 23:34:14.274448700 -0700---------------------
                  ->                        README.md: 2020-04-28 23:34:14.159370600 -0700
                  ->                          out.tmp: 2020-04-28 23:34:14.168367800 -0700
                  ->                          test.sh: 2020-04-28 23:34:14.231531200 -0700
                  ->                           towers: 2020-04-28 23:34:14.241488800 -0700
                  ->                          towers+: 2020-04-28 23:34:14.248456300 -0700
                  ->                       towers.cpp: 2020-04-28 23:34:14.256453900 -0700
                  ->                         towers.s: 2020-04-28 23:34:14.265451500 -0700
                  ->                          tst.tmp: 2020-04-28 23:34:14.275448500 -0700
                  ./output
                  -----------------------------------output: 2020-04-28 23:34:14.222493200 -0700-----------------------------------
                        ->                         out1.txt: 2020-04-14 10:26:54.204033800 -0700
                        ->                         out2.txt: 2020-04-14 10:26:54.209032600 -0700
                        ->                         out3.txt: 2020-04-14 10:26:54.213031100 -0700
                        ->                         out4.txt: 2020-04-14 10:26:54.218030000 -0700
                        ->                         out5.txt: 2020-04-14 10:26:54.222028500 -0700
                        ->                         out6.txt: 2020-04-14 10:26:54.227026700 -0700
                        ->                         out7.txt: 2020-04-14 10:26:54.234024900 -0700
                        ->                         out8.txt: 2020-04-14 10:26:54.239022800 -0700
                        ->                     test1.expect: 2020-04-28 23:34:14.175508700 -0700
                        ->                     test2.expect: 2020-04-28 23:34:14.182507100 -0700
                        ->                     test3.expect: 2020-04-28 23:34:14.189503800 -0700
                        ->                     test4.expect: 2020-04-28 23:34:14.197501700 -0700
                        ->                     test5.expect: 2020-04-28 23:34:14.205498900 -0700
                        ->                     test6.expect: 2020-04-28 23:34:14.207498200 -0700
                        ->                     test7.expect: 2020-04-28 23:34:14.215495500 -0700
                        ->                     test8.expect: 2020-04-28 23:34:14.223493300 -0700
            ./lab3-matrix-mult
            -------------------------lab3-matrix-mult: 2020-05-09 10:42:35.105816500 -0700-------------------------
                  ->              315_Lab3_MatMul.pdf: 2020-04-28 23:30:31.047781000 -0700
                  ->             315_Lab3_MatMul.xlsx: 2020-04-28 23:30:13.000000000 -0700
                  ->                         Makefile: 2020-04-26 17:56:42.586855400 -0700
                  ->                        README.md: 2020-04-28 23:34:11.291890300 -0700
                  ->                         intadd.s: 2020-04-23 10:44:26.196786800 -0700
                  ->                         intmul.s: 2020-04-26 17:56:42.597851500 -0700
                  ->                matmul-driver.cpp: 2020-04-28 23:34:11.299888300 -0700
                  ->                     matmul-mul.s: 2020-04-28 23:34:11.308886700 -0700
                  ->                       matmul.cpp: 2020-04-28 23:34:11.318882000 -0700
                  ->                         matmul.h: 2020-04-28 23:34:11.326879300 -0700
                  ->                         matmul.s: 2020-04-28 23:34:11.334876900 -0700
                  ->                        perfs.txt: 2020-04-28 23:34:11.461186100 -0700
                  ->                           test.c: 2020-04-26 17:56:42.623843500 -0700
                  ->                         tmp.save: 2020-04-26 17:56:42.632840300 -0700
                  ->                        tstdriver: 2020-04-28 23:34:11.469184000 -0700
                  ->                      tstdriver.s: 2020-04-28 23:34:11.475181800 -0700
                  ./inputs
                  -----------------------------------inputs: 2020-04-23 10:44:26.185789900 -0700-----------------------------------
                        ->                        M.1024.in: 2020-04-23 10:44:26.079824300 -0700
                        ->                          M.16.in: 2020-04-23 10:44:26.090820100 -0700
                        ->                         M.256.in: 2020-04-23 10:44:26.101816600 -0700
                        ->                          M.64.in: 2020-04-23 10:44:26.112812900 -0700
                        ->                        N.1024.in: 2020-04-23 10:44:26.152802900 -0700
                        ->                          N.16.in: 2020-04-23 10:44:26.160799200 -0700
                        ->                         N.256.in: 2020-04-23 10:44:26.170794900 -0700
                        ->                          N.64.in: 2020-04-23 10:44:26.185789900 -0700
                  ./outputs
                  ----------------------------------outputs: 2020-04-28 23:34:11.453189700 -0700----------------------------------
                        ->                      P.1024.mine: 2020-04-28 23:34:11.409202200 -0700
                        ->                       P.1024.out: 2020-04-23 10:44:26.310750400 -0700
                        ->                        P.16.mine: 2020-04-28 23:34:11.416200200 -0700
                        ->                         P.16.out: 2020-04-23 10:44:26.323748700 -0700
                        ->                       P.256.mine: 2020-04-28 23:34:11.427197000 -0700
                        ->                        P.256.out: 2020-04-23 10:44:26.337742800 -0700
                        ->                        P.64.mine: 2020-04-28 23:34:11.446191500 -0700
                        ->                         P.64.out: 2020-04-23 10:44:26.367733700 -0700
                        ->                           tst.sh: 2020-04-28 23:34:11.454188300 -0700
            ./lab4-mm-cache-opt
            ------------------------lab4-mm-cache-opt: 2020-06-04 11:24:31.957998700 -0700------------------------
                  ->                          LICENSE: 2020-06-04 10:19:33.117222400 -0700
                  ->                         Makefile: 2020-06-04 11:20:51.132555200 -0700
                  ->                           O1.out: 2020-06-04 11:24:31.957998700 -0700
                  ->                        README.md: 2020-06-04 11:04:37.978760600 -0700
                  ->                       compare.py: 2020-06-04 10:19:33.130215700 -0700
                  ->                matmul-driver.cpp: 2020-06-04 10:19:33.135214100 -0700
                  ->                  matmul-driver.o: 2020-06-04 11:24:06.661992600 -0700
                  ->                         matmul.h: 2020-06-04 10:19:33.145210800 -0700
                  ->                      matmul_O0.o: 2020-06-04 11:24:06.537024200 -0700
                  ->                               mm: 2020-06-04 11:24:06.739196400 -0700
                  ->                         orig.out: 2020-06-04 11:12:58.914032600 -0700
                  ->                      output.gold: 2020-06-04 10:19:33.182212500 -0700
                  ./opt
                  --------------------------------------opt: 2020-06-04 11:21:34.333795000 -0700--------------------------------------
                        ->                         matmul.h: 2020-06-04 11:21:36.504062400 -0700
                        ->                    matmul_O0.cpp: 2020-06-04 11:19:56.978000000 -0700
                        ->                    matmul_O1.cpp: 2020-06-04 11:20:10.644538900 -0700
                        ->                    matmul_O2.cpp: 2020-06-04 11:19:56.979000000 -0700
                        ->                    matmul_O3.cpp: 2020-06-04 11:19:56.981000000 -0700
            ./quiz1
            ------------------------------------quiz1: 2020-05-09 10:42:29.934867700 -0700------------------------------------
                  ->                       Quiz1.docx: 2020-04-17 21:59:33.000000000 -0700
                  ->                        Quiz1.pdf: 2020-04-17 21:59:48.543512900 -0700
                  ->                          func1.c: 2020-04-15 15:13:33.338078600 -0700
            ./quiz5-branch-hazards
            ---------------------quiz5-branch-hazards: 2020-05-14 10:44:21.179367500 -0700---------------------
                  ->                          problem: 2020-05-14 10:44:24.516708000 -0700
            ./thumbsim
            ---------------------------------thumbsim: 2020-06-03 13:22:03.948735900 -0700---------------------------------
                  ->                          LICENSE: 2020-05-04 09:14:43.786547400 -0700
                  ->                         Makefile: 2020-06-03 13:29:07.368221900 -0700
                  ->                        README.md: 2020-05-04 09:14:43.795555500 -0700
                  ->                     all_tests.sh: 2020-06-03 09:55:55.374657200 -0700
                  ->                       decode.cpp: 2020-06-03 11:36:34.443622200 -0700
                  ->                      execute.cpp: 2020-06-03 10:30:59.450058600 -0700
                  ->                         main.cpp: 2020-05-04 09:14:43.879110000 -0700
                  ->                        parse.cpp: 2020-05-04 09:14:44.013045000 -0700
                  ->                           run.sh: 2020-05-17 13:28:44.112132100 -0700
                  ->                         tags.txt: 2020-05-17 13:59:21.908713200 -0700
                  ->                         thumbsim: 2020-06-03 13:22:04.115669800 -0700
                  ->                     thumbsim.hpp: 2020-05-16 17:57:52.703051700 -0700
                  ->              thumbsim_driver.cpp: 2020-06-02 21:35:27.973978300 -0700
                  ./inputs
                  -----------------------------------inputs: 2020-05-04 09:14:43.872113200 -0700-----------------------------------
                        ->                       ALU_ADDR.s: 2020-05-04 09:14:43.813131400 -0700
                        ->                       bytetest.s: 2020-05-04 09:14:43.817129600 -0700
                        ->                     bytetest.sim: 2020-05-04 09:14:43.824137500 -0700
                        ->                            fib.s: 2020-05-04 09:14:43.829139000 -0700
                        ->                          fib.sim: 2020-05-04 09:14:43.834124400 -0700
                        ->                       shang.O0.s: 2020-05-04 09:14:43.839122700 -0700
                        ->                     shang.O0.sim: 2020-05-04 09:14:43.844121800 -0700
                        ->                       shang.O1.s: 2020-05-04 09:14:43.849119500 -0700
                        ->                     shang.O1.sim: 2020-05-04 09:14:43.854118300 -0700
                        ->                       shang.O2.s: 2020-05-04 09:14:43.861120900 -0700
                        ->                     shang.O2.sim: 2020-05-04 09:14:43.867113900 -0700
                        ->                          shang.c: 2020-05-04 09:14:43.872113200 -0700
                  ./myout
                  ------------------------------------myout: 2020-06-02 22:02:27.050283600 -0700------------------------------------
                        ->                   bytetest.myout: 2020-06-03 11:36:39.418288500 -0700
                        ->                       decode.cpp: 2020-06-02 21:55:05.045000000 -0700
                        ->                      execute.cpp: 2020-06-03 10:11:44.841833700 -0700
                        ->                        fib.myout: 2020-06-03 11:36:39.447279600 -0700
                        ->                   shang.O0.myout: 2020-06-03 11:36:45.869799000 -0700
                        ->                   shang.O1.myout: 2020-06-03 11:36:47.679721700 -0700
                        ->                   shang.O2.myout: 2020-06-03 11:36:49.045374300 -0700
                  ./outputs
                  ----------------------------------outputs: 2020-06-02 19:08:16.721189500 -0700----------------------------------
                        ->          bytetest.completeoutput: 2020-06-02 19:08:16.723000000 -0700
                        ->               fib.completeoutput: 2020-05-04 09:14:43.892096700 -0700
                        ->          shang.O0.completeoutput: 2020-06-02 19:08:02.144000000 -0700
                        ->       shang.O0.memstatscache.out: 2020-06-02 19:08:09.411000000 -0700
                        ->                 shang.O0.objdump: 2020-05-04 09:14:43.899080900 -0700
                        ->          shang.O1.completeoutput: 2020-05-04 09:14:43.914078200 -0700
                        ->                 shang.O1.objdump: 2020-05-04 09:14:43.919074700 -0700
                        ->          shang.O2.completeoutput: 2020-05-04 09:14:43.933071900 -0700
                        ->                 shang.O2.objdump: 2020-05-04 09:14:43.938069300 -0700
                  ./provided
                  ---------------------------------provided: 2020-06-03 10:34:27.728005200 -0700---------------------------------
                        ->                       decode.cpp: 2020-06-03 10:34:27.730000000 -0700
                        ->                         thumbsim: 2020-06-03 09:52:28.460025300 -0700
                  ./test
                  -------------------------------------test: 2020-06-03 10:34:27.728005200 -0700-------------------------------------
                        ->                       gensimcode: 2020-05-04 09:14:44.025041200 -0700
                        ->                         thumbsim: 2020-05-07 09:23:14.316779500 -0700
                  ./testout
                  ----------------------------------testout: 2020-06-03 09:55:13.961246500 -0700----------------------------------
                        ->                     bytetest.out: 2020-06-03 09:54:51.703000000 -0700
                        ->                          fib.out: 2020-06-03 09:54:55.753000000 -0700
                        ->                     shang.O0.out: 2020-06-03 09:55:00.839000000 -0700
                        ->                     shang.O1.out: 2020-06-03 09:55:07.765000000 -0700
                        ->                     shang.O2.out: 2020-06-03 09:55:13.962000000 -0700
